2026-03-15 17:34:49,483 INFO [trading_bot.services.binance_ws] Connecting to Binance spot WebSocket: wss://data-stream.binance.vision/stream?streams=btcusdt@ticker
2026-03-15 17:34:50,100 INFO [websocket] Websocket connected
2026-03-15 17:34:50,100 INFO [trading_bot.services.binance_ws] Binance spot WebSocket connected for BTC/USDT
2026-03-15 17:37:52,665 INFO [trading_bot.services.binance_ws] Connecting to Binance spot WebSocket: wss://data-stream.binance.vision/stream?streams=btcusdt@ticker
2026-03-15 17:37:53,183 INFO [websocket] Websocket connected
2026-03-15 17:37:53,183 INFO [trading_bot.services.binance_ws] Binance spot WebSocket connected for BTC/USDT
2026-03-15 17:51:22,293 INFO [trading_bot.services.binance_ws] Connecting to Binance spot WebSocket: wss://data-stream.binance.vision/stream?streams=btcusdt@ticker
2026-03-15 17:51:22,898 INFO [websocket] Websocket connected
2026-03-15 17:51:22,899 INFO [trading_bot.services.binance_ws] Binance spot WebSocket connected for BTC/USDT
2026-03-15 17:55:09,607 INFO [trading_bot.services.binance_ws] Connecting to Binance spot WebSocket: wss://data-stream.binance.vision/stream?streams=btcusdt@ticker
2026-03-15 17:55:10,122 INFO [websocket] Websocket connected
2026-03-15 17:55:10,122 INFO [trading_bot.services.binance_ws] Binance spot WebSocket connected for BTC/USDT
2026-03-15 18:01:29,172 INFO [trading_bot.services.binance_ws] Connecting to Binance spot WebSocket: wss://data-stream.binance.vision/stream?streams=btcusdt@ticker
2026-03-15 18:01:29,707 INFO [websocket] Websocket connected
2026-03-15 18:01:29,747 INFO [trading_bot.services.binance_ws] Binance spot WebSocket connected for BTC/USDT
2026-03-15 18:18:46,224 INFO [trading_bot.services.binance_ws] Connecting to Binance spot WebSocket: wss://data-stream.binance.vision/stream?streams=btcusdt@ticker
2026-03-15 18:18:46,756 INFO [websocket] Websocket connected
2026-03-15 18:18:46,757 INFO [trading_bot.services.binance_ws] Binance spot WebSocket connected for BTC/USDT
2026-03-15 18:21:24,360 INFO [trading_bot.services.binance_ws] Connecting to Binance spot WebSocket: wss://data-stream.binance.vision/stream?streams=btcusdt@ticker
2026-03-15 18:21:25,007 INFO [websocket] Websocket connected
2026-03-15 18:21:25,007 INFO [trading_bot.services.binance_ws] Binance spot WebSocket connected for BTC/USDT
2026-03-15 18:22:22,120 INFO [trading_bot.services.binance_ws] Connecting to Binance spot WebSocket: wss://data-stream.binance.vision/stream?streams=btcusdt@ticker
2026-03-15 18:22:22,571 INFO [websocket] Websocket connected
2026-03-15 18:22:22,571 INFO [trading_bot.services.binance_ws] Binance spot WebSocket connected for BTC/USDT
2026-03-15 20:24:51,214 INFO [trading_bot.services.binance_ws] Connecting to Binance spot WebSocket: wss://data-stream.binance.vision/stream?streams=btcusdt@ticker
2026-03-15 20:24:51,685 INFO [websocket] Websocket connected
2026-03-15 20:24:51,685 INFO [trading_bot.services.binance_ws] Binance spot WebSocket connected for BTC/USDT
2026-03-15 20:26:59,085 INFO [trading_bot.services.binance_ws] Connecting to Binance spot WebSocket: wss://data-stream.binance.vision/stream?streams=btcusdt@ticker
2026-03-15 20:26:59,609 INFO [websocket] Websocket connected
2026-03-15 20:26:59,610 INFO [trading_bot.services.binance_ws] Binance spot WebSocket connected for BTC/USDT
2026-03-15 20:29:10,268 INFO [trading_bot.services.binance_ws] Connecting to Binance spot WebSocket: wss://data-stream.binance.vision/stream?streams=btcusdt@ticker
2026-03-15 20:29:10,783 INFO [websocket] Websocket connected
2026-03-15 20:29:10,784 INFO [trading_bot.services.binance_ws] Binance spot WebSocket connected for BTC/USDT
2026-03-15 20:45:49,288 INFO [trading_bot.services.binance_ws] Connecting to Binance spot WebSocket: wss://data-stream.binance.vision/stream?streams=btcusdt@ticker
2026-03-15 20:45:49,770 INFO [websocket] Websocket connected
2026-03-15 20:45:49,772 INFO [trading_bot.services.binance_ws] Binance spot WebSocket connected for BTC/USDT
2026-03-15 20:50:24,986 INFO [trading_bot.services.binance_ws] Connecting to Binance spot WebSocket: wss://data-stream.binance.vision/stream?streams=btcusdt@ticker
2026-03-15 20:50:25,542 INFO [websocket] Websocket connected
2026-03-15 20:50:25,542 INFO [trading_bot.services.binance_ws] Binance spot WebSocket connected for BTC/USDT
2026-03-15 20:52:14,509 INFO [trading_bot.services.binance_ws] Connecting to Binance spot WebSocket: wss://data-stream.binance.vision/stream?streams=btcusdt@ticker
2026-03-15 20:52:15,019 INFO [websocket] Websocket connected
2026-03-15 20:52:15,020 INFO [trading_bot.services.binance_ws] Binance spot WebSocket connected for BTC/USDT
2026-03-15 20:56:49,869 INFO [trading_bot.services.binance_ws] Connecting to Binance spot WebSocket: wss://data-stream.binance.vision/stream?streams=btcusdt@ticker
2026-03-15 20:56:50,377 INFO [websocket] Websocket connected
2026-03-15 20:56:50,377 INFO [trading_bot.services.binance_ws] Binance spot WebSocket connected for BTC/USDT
2026-03-15 20:59:19,687 INFO [trading_bot.services.binance_ws] Connecting to Binance spot WebSocket: wss://data-stream.binance.vision/stream?streams=btcusdt@ticker
2026-03-15 20:59:20,231 INFO [websocket] Websocket connected
2026-03-15 20:59:20,232 INFO [trading_bot.services.binance_ws] Binance spot WebSocket connected for BTC/USDT
2026-03-15 21:10:29,913 INFO [trading_bot.services.binance_ws] Connecting to Binance spot WebSocket: wss://data-stream.binance.vision/stream?streams=btcusdt@ticker
2026-03-15 21:10:30,475 INFO [websocket] Websocket connected
2026-03-15 21:10:30,476 INFO [trading_bot.services.binance_ws] Binance spot WebSocket connected for BTC/USDT
2026-03-15 21:14:24,189 INFO [trading_bot.services.binance_ws] Connecting to Binance spot WebSocket: wss://data-stream.binance.vision/stream?streams=btcusdt@ticker
2026-03-15 21:14:24,831 INFO [websocket] Websocket connected
2026-03-15 21:14:24,831 INFO [trading_bot.services.binance_ws] Binance spot WebSocket connected for BTC/USDT
2026-03-15 21:44:03,481 INFO [trading_bot.services.binance_ws] Connecting to Binance spot WebSocket: wss://data-stream.binance.vision/stream?streams=btcusdt@ticker
2026-03-15 21:44:03,481 INFO [trading_bot.services.binance_ws] Connecting to Binance spot WebSocket: wss://data-stream.binance.vision/stream?streams=btcusdt@ticker
2026-03-15 21:44:03,960 INFO [websocket] Websocket connected
2026-03-15 21:44:03,960 INFO [trading_bot.services.binance_ws] Binance spot WebSocket connected for BTC/USDT
2026-03-15 21:44:03,963 INFO [websocket] Websocket connected
2026-03-15 21:44:03,963 INFO [trading_bot.services.binance_ws] Binance spot WebSocket connected for BTC/USDT
2026-03-15 21:44:08,054 WARNING [trading_bot.services.binance_ws] Unable to persist shared market snapshot: [Errno 2] No such file or directory: '.data/state/market_snapshot.tmp' -> '.data/state/market_snapshot.json'
2026-03-15 21:44:09,104 WARNING [trading_bot.services.binance_ws] Unable to persist shared market snapshot: [Errno 2] No such file or directory: '.data/state/market_snapshot.tmp' -> '.data/state/market_snapshot.json'
2026-03-15 21:44:13,053 WARNING [trading_bot.services.binance_ws] Unable to persist shared market snapshot: [Errno 2] No such file or directory: '.data/state/market_snapshot.tmp' -> '.data/state/market_snapshot.json'
2026-03-15 21:44:21,056 WARNING [trading_bot.services.binance_ws] Unable to persist shared market snapshot: [Errno 2] No such file or directory: '.data/state/market_snapshot.tmp' -> '.data/state/market_snapshot.json'
2026-03-15 21:44:22,027 WARNING [trading_bot.services.binance_ws] Unable to persist shared market snapshot: [Errno 2] No such file or directory: '.data/state/market_snapshot.tmp' -> '.data/state/market_snapshot.json'
2026-03-15 21:44:24,050 WARNING [trading_bot.services.binance_ws] Unable to persist shared market snapshot: [Errno 2] No such file or directory: '.data/state/market_snapshot.tmp' -> '.data/state/market_snapshot.json'
2026-03-15 21:44:25,055 WARNING [trading_bot.services.binance_ws] Unable to persist shared market snapshot: [Errno 2] No such file or directory: '.data/state/market_snapshot.tmp' -> '.data/state/market_snapshot.json'
2026-03-15 21:44:29,026 WARNING [trading_bot.services.binance_ws] Unable to persist shared market snapshot: [Errno 2] No such file or directory: '.data/state/market_snapshot.tmp' -> '.data/state/market_snapshot.json'
2026-03-15 21:44:30,078 WARNING [trading_bot.services.binance_ws] Unable to persist shared market snapshot: [Errno 2] No such file or directory: '.data/state/market_snapshot.tmp' -> '.data/state/market_snapshot.json'
2026-03-15 21:46:08,015 INFO [trading_bot.services.binance_ws] Connecting to Binance spot WebSocket: wss://data-stream.binance.vision/stream?streams=btcusdt@ticker
2026-03-15 21:46:08,526 INFO [websocket] Websocket connected
2026-03-15 21:46:08,527 INFO [trading_bot.services.binance_ws] Binance spot WebSocket connected for BTC/USDT
2026-03-15 21:59:52,018 INFO [trading_bot.services.binance_ws] Connecting to Binance spot WebSocket: wss://data-stream.binance.vision/stream?streams=btcusdt@ticker
2026-03-15 21:59:52,510 INFO [websocket] Websocket connected
2026-03-15 21:59:52,510 INFO [trading_bot.services.binance_ws] Binance spot WebSocket connected for BTC/USDT
2026-03-15 22:00:15,373 INFO [trading_bot.services.binance_ws] Connecting to Binance spot WebSocket: wss://data-stream.binance.vision/stream?streams=btcusdt@ticker
2026-03-15 22:00:15,788 INFO [websocket] Websocket connected
2026-03-15 22:00:15,788 INFO [trading_bot.services.binance_ws] Binance spot WebSocket connected for BTC/USDT
2026-03-15 22:07:43,575 INFO [trading_bot.services.binance_ws] Connecting to Binance spot WebSocket: wss://data-stream.binance.vision/stream?streams=btcusdt@ticker
2026-03-15 22:07:44,167 INFO [websocket] Websocket connected
2026-03-15 22:07:44,167 INFO [trading_bot.services.binance_ws] Binance spot WebSocket connected for BTC/USDT
2026-03-15 22:08:09,307 INFO [trading_bot.services.binance_ws] Connecting to Binance spot WebSocket: wss://data-stream.binance.vision/stream?streams=btcusdt@ticker
2026-03-15 22:08:09,739 INFO [websocket] Websocket connected
2026-03-15 22:08:09,739 INFO [trading_bot.services.binance_ws] Binance spot WebSocket connected for BTC/USDT
2026-03-15 22:28:19,193 INFO [trading_bot.services.binance_ws] Connecting to Binance spot WebSocket: wss://data-stream.binance.vision/stream?streams=btcusdt@ticker
2026-03-15 22:28:19,697 INFO [websocket] Websocket connected
2026-03-15 22:28:19,697 INFO [trading_bot.services.binance_ws] Binance spot WebSocket connected for BTC/USDT
2026-03-16 00:57:26,253 INFO [trading_bot.services.binance_ws] Connecting to Binance spot WebSocket: wss://data-stream.binance.vision/stream?streams=btcusdt@ticker
2026-03-16 00:57:26,711 INFO [websocket] Websocket connected
2026-03-16 00:57:26,711 INFO [trading_bot.services.binance_ws] Binance spot WebSocket connected for BTC/USDT
2026-03-16 01:18:26,683 INFO [trading_bot.services.binance_ws] Connecting to Binance spot WebSocket: wss://data-stream.binance.vision/stream?streams=btcusdt@ticker
2026-03-16 01:18:27,211 INFO [websocket] Websocket connected
2026-03-16 01:18:27,211 INFO [trading_bot.services.binance_ws] Binance spot WebSocket connected for BTC/USDT
2026-03-16 01:20:38,460 INFO [trading_bot.services.binance_ws] Connecting to Binance spot WebSocket: wss://data-stream.binance.vision/stream?streams=btcusdt@ticker
2026-03-16 01:20:39,010 INFO [websocket] Websocket connected
2026-03-16 01:20:39,010 INFO [trading_bot.services.binance_ws] Binance spot WebSocket connected for BTC/USDT
2026-03-16 14:43:13,547 WARNING [trading_bot.services.binance_ws] Binance spot WebSocket error for BTC/USDT: [Errno 54] Connection reset by peer
2026-03-16 14:43:13,548 ERROR [websocket] [Errno 54] Connection reset by peer - goodbye
2026-03-16 14:43:13,559 INFO [trading_bot.services.binance_ws] Binance spot WebSocket closed for BTC/USDT (code=None, message=None)
2026-03-16 14:43:16,578 INFO [trading_bot.services.binance_ws] Connecting to Binance spot WebSocket: wss://data-stream.binance.vision/stream?streams=btcusdt@ticker
2026-03-16 14:43:17,157 INFO [websocket] Websocket connected
2026-03-16 14:43:17,158 INFO [trading_bot.services.binance_ws] Binance spot WebSocket connected for BTC/USDT
2026-03-16 15:50:54,648 WARNING [trading_bot.services.binance_ws] Binance spot WebSocket error for BTC/USDT: [Errno 54] Connection reset by peer
2026-03-16 15:50:54,650 ERROR [websocket] [Errno 54] Connection reset by peer - goodbye
2026-03-16 15:50:54,650 INFO [trading_bot.services.binance_ws] Binance spot WebSocket closed for BTC/USDT (code=None, message=None)
2026-03-16 15:50:57,656 INFO [trading_bot.services.binance_ws] Connecting to Binance spot WebSocket: wss://data-stream.binance.vision/stream?streams=btcusdt@ticker
2026-03-16 15:50:58,112 INFO [websocket] Websocket connected
2026-03-16 15:50:58,112 INFO [trading_bot.services.binance_ws] Binance spot WebSocket connected for BTC/USDT
2026-03-16 16:06:47,753 WARNING [trading_bot.services.binance_ws] Binance spot WebSocket error for BTC/USDT: [Errno 54] Connection reset by peer
2026-03-16 16:06:47,754 ERROR [websocket] [Errno 54] Connection reset by peer - goodbye
2026-03-16 16:06:47,755 INFO [trading_bot.services.binance_ws] Binance spot WebSocket closed for BTC/USDT (code=None, message=None)
2026-03-16 16:06:50,762 INFO [trading_bot.services.binance_ws] Connecting to Binance spot WebSocket: wss://data-stream.binance.vision/stream?streams=btcusdt@ticker
2026-03-16 16:06:51,217 INFO [websocket] Websocket connected
2026-03-16 16:06:51,218 INFO [trading_bot.services.binance_ws] Binance spot WebSocket connected for BTC/USDT
2026-03-16 16:23:46,822 WARNING [trading_bot.services.binance_ws] Binance spot WebSocket error for BTC/USDT: [Errno 54] Connection reset by peer
2026-03-16 16:23:46,823 ERROR [websocket] [Errno 54] Connection reset by peer - goodbye
2026-03-16 16:23:46,823 INFO [trading_bot.services.binance_ws] Binance spot WebSocket closed for BTC/USDT (code=None, message=None)
2026-03-16 16:23:49,834 INFO [trading_bot.services.binance_ws] Connecting to Binance spot WebSocket: wss://data-stream.binance.vision/stream?streams=btcusdt@ticker
2026-03-16 16:23:50,287 INFO [websocket] Websocket connected
2026-03-16 16:23:50,288 INFO [trading_bot.services.binance_ws] Binance spot WebSocket connected for BTC/USDT
2026-03-16 16:40:12,191 WARNING [trading_bot.services.binance_ws] Binance spot WebSocket error for BTC/USDT: [Errno 54] Connection reset by peer
2026-03-16 16:40:12,192 ERROR [websocket] [Errno 54] Connection reset by peer - goodbye
2026-03-16 16:40:12,192 INFO [trading_bot.services.binance_ws] Binance spot WebSocket closed for BTC/USDT (code=None, message=None)
2026-03-16 16:40:15,200 INFO [trading_bot.services.binance_ws] Connecting to Binance spot WebSocket: wss://data-stream.binance.vision/stream?streams=btcusdt@ticker
2026-03-16 16:40:15,656 INFO [websocket] Websocket connected
2026-03-16 16:40:15,656 INFO [trading_bot.services.binance_ws] Binance spot WebSocket connected for BTC/USDT
2026-03-16 16:55:50,169 WARNING [trading_bot.services.binance_ws] Binance spot WebSocket error for BTC/USDT: [Errno 54] Connection reset by peer
2026-03-16 16:55:50,170 ERROR [websocket] [Errno 54] Connection reset by peer - goodbye
2026-03-16 16:55:50,170 INFO [trading_bot.services.binance_ws] Binance spot WebSocket closed for BTC/USDT (code=None, message=None)
2026-03-16 16:55:53,181 INFO [trading_bot.services.binance_ws] Connecting to Binance spot WebSocket: wss://data-stream.binance.vision/stream?streams=btcusdt@ticker
2026-03-16 16:55:53,705 INFO [websocket] Websocket connected
2026-03-16 16:55:53,706 INFO [trading_bot.services.binance_ws] Binance spot WebSocket connected for BTC/USDT
2026-03-16 17:11:38,805 WARNING [trading_bot.services.binance_ws] Binance spot WebSocket error for BTC/USDT: [Errno 54] Connection reset by peer
2026-03-16 17:11:38,806 ERROR [websocket] [Errno 54] Connection reset by peer - goodbye
2026-03-16 17:11:38,806 INFO [trading_bot.services.binance_ws] Binance spot WebSocket closed for BTC/USDT (code=None, message=None)
2026-03-16 17:11:41,819 INFO [trading_bot.services.binance_ws] Connecting to Binance spot WebSocket: wss://data-stream.binance.vision/stream?streams=btcusdt@ticker
2026-03-16 17:11:42,270 INFO [websocket] Websocket connected
2026-03-16 17:11:42,271 INFO [trading_bot.services.binance_ws] Binance spot WebSocket connected for BTC/USDT
2026-03-16 17:18:06,855 WARNING [trading_bot.services.binance_ws] Binance spot WebSocket error for BTC/USDT: [Errno 54] Connection reset by peer
2026-03-16 17:18:06,855 ERROR [websocket] [Errno 54] Connection reset by peer - goodbye
2026-03-16 17:18:06,856 INFO [trading_bot.services.binance_ws] Binance spot WebSocket closed for BTC/USDT (code=None, message=None)
2026-03-16 17:18:09,863 INFO [trading_bot.services.binance_ws] Connecting to Binance spot WebSocket: wss://data-stream.binance.vision/stream?streams=btcusdt@ticker
2026-03-16 17:18:10,339 INFO [websocket] Websocket connected
2026-03-16 17:18:10,339 INFO [trading_bot.services.binance_ws] Binance spot WebSocket connected for BTC/USDT
2026-03-16 17:22:16,961 WARNING [trading_bot.services.binance_ws] Binance spot WebSocket error for BTC/USDT: [Errno 54] Connection reset by peer
2026-03-16 17:22:16,963 ERROR [websocket] [Errno 54] Connection reset by peer - goodbye
2026-03-16 17:22:16,964 INFO [trading_bot.services.binance_ws] Binance spot WebSocket closed for BTC/USDT (code=None, message=None)
2026-03-16 17:22:19,968 INFO [trading_bot.services.binance_ws] Connecting to Binance spot WebSocket: wss://data-stream.binance.vision/stream?streams=btcusdt@ticker
2026-03-16 17:22:20,434 INFO [websocket] Websocket connected
2026-03-16 17:22:20,435 INFO [trading_bot.services.binance_ws] Binance spot WebSocket connected for BTC/USDT
2026-03-16 17:50:20,962 INFO [trading_bot.services.binance_ws] Connecting to Binance spot WebSocket: wss://data-stream.binance.vision/stream?streams=btcusdt@ticker
2026-03-16 17:50:21,514 INFO [websocket] Websocket connected
2026-03-16 17:50:21,515 INFO [trading_bot.services.binance_ws] Binance spot WebSocket connected for BTC/USDT
2026-03-16 18:09:11,400 INFO [trading_bot.services.binance_ws] Connecting to Binance spot WebSocket: wss://data-stream.binance.vision/stream?streams=btcusdt@ticker
2026-03-16 18:09:11,870 INFO [websocket] Websocket connected
2026-03-16 18:09:11,871 INFO [trading_bot.services.binance_ws] Binance spot WebSocket connected for BTC/USDT
2026-03-16 18:19:17,231 INFO [trading_bot.services.binance_ws] Connecting to Binance spot WebSocket: wss://data-stream.binance.vision/stream?streams=btcusdt@ticker
2026-03-16 18:19:17,750 INFO [websocket] Websocket connected
2026-03-16 18:19:17,751 INFO [trading_bot.services.binance_ws] Binance spot WebSocket connected for BTC/USDT
2026-03-16 18:22:18,169 INFO [trading_bot.services.binance_ws] Connecting to Binance spot WebSocket: wss://data-stream.binance.vision/stream?streams=btcusdt@ticker
2026-03-16 18:22:18,627 INFO [websocket] Websocket connected
2026-03-16 18:22:18,627 INFO [trading_bot.services.binance_ws] Binance spot WebSocket connected for BTC/USDT
2026-03-16 18:23:10,401 INFO [trading_bot.services.binance_ws] Connecting to Binance spot WebSocket: wss://data-stream.binance.vision/stream?streams=btcusdt@ticker
2026-03-16 18:23:10,844 INFO [websocket] Websocket connected
2026-03-16 18:23:10,844 INFO [trading_bot.services.binance_ws] Binance spot WebSocket connected for BTC/USDT
